2022-03-26 04:23:51 [main] INFO  ru.abfitness.OapiApplication - Starting OapiApplication using Java 17.0.2 on PC-ABtank with PID 8580 (F:\ПРОГРАМИРОВАНИЕ\Java\ABfitness\oapi\target\classes started by ABtan in F:\ПРОГРАМИРОВАНИЕ\Java\ABfitness)
2022-03-26 04:23:51 [main] INFO  ru.abfitness.OapiApplication - No active profile set, falling back to 1 default profile: "default"
2022-03-26 04:23:54 [main] INFO  o.s.d.r.c.RepositoryConfigurationDelegate - Bootstrapping Spring Data JPA repositories in DEFAULT mode.
2022-03-26 04:23:54 [main] INFO  o.s.d.r.c.RepositoryConfigurationDelegate - Finished Spring Data repository scanning in 13 ms. Found 0 JPA repository interfaces.
2022-03-26 04:23:55 [main] INFO  o.s.b.w.e.tomcat.TomcatWebServer - Tomcat initialized with port(s): 8889 (http)
2022-03-26 04:23:55 [main] INFO  o.a.catalina.core.StandardService - Starting service [Tomcat]
2022-03-26 04:23:55 [main] INFO  o.a.catalina.core.StandardEngine - Starting Servlet engine: [Apache Tomcat/9.0.60]
2022-03-26 04:23:56 [main] INFO  o.a.c.c.C.[Tomcat].[localhost].[/] - Initializing Spring embedded WebApplicationContext
2022-03-26 04:23:56 [main] INFO  o.s.b.w.s.c.ServletWebServerApplicationContext - Root WebApplicationContext: initialization completed in 4172 ms
2022-03-26 04:23:56 [main] INFO  o.f.c.i.license.VersionPrinter - Flyway Community Edition 7.7.3 by Redgate
2022-03-26 04:23:56 [main] INFO  com.zaxxer.hikari.HikariDataSource - HikariPool-1 - Starting...
2022-03-26 04:23:56 [main] INFO  com.zaxxer.hikari.HikariDataSource - HikariPool-1 - Start completed.
2022-03-26 04:23:56 [main] INFO  o.f.c.i.database.base.DatabaseType - Database: jdbc:postgresql://localhost:5432/abfitness (PostgreSQL 12.4)
2022-03-26 04:23:57 [main] INFO  o.f.core.internal.command.DbValidate - Successfully validated 1 migration (execution time 00:00.054s)
2022-03-26 04:23:57 [main] INFO  o.f.c.i.s.JdbcTableSchemaHistory - Creating Schema History table "public"."flyway_schema_history" ...
2022-03-26 04:23:57 [main] INFO  o.f.c.i.s.DefaultSqlScriptExecutor - 0 rows affected
2022-03-26 04:23:57 [main] INFO  o.f.c.i.s.DefaultSqlScriptExecutor - 0 rows affected
2022-03-26 04:23:57 [main] INFO  o.f.c.i.s.DefaultSqlScriptExecutor - 0 rows affected
2022-03-26 04:23:57 [main] INFO  o.f.core.internal.command.DbMigrate - Current version of schema "public": << Empty Schema >>
2022-03-26 04:23:57 [main] INFO  o.f.core.internal.command.DbMigrate - Migrating schema "public" to version "1 - initialize"
2022-03-26 04:23:57 [main] INFO  o.f.c.i.s.DefaultSqlScriptExecutor - DB: таблица "roles" не существует, пропускается
2022-03-26 04:23:57 [main] INFO  o.f.c.i.s.DefaultSqlScriptExecutor - 0 rows affected
2022-03-26 04:23:57 [main] INFO  o.f.c.i.s.DefaultSqlScriptExecutor - 0 rows affected
2022-03-26 04:23:57 [main] INFO  o.f.c.i.s.DefaultSqlScriptExecutor - DB: таблица "users" не существует, пропускается
2022-03-26 04:23:57 [main] INFO  o.f.c.i.s.DefaultSqlScriptExecutor - 0 rows affected
2022-03-26 04:23:57 [main] INFO  o.f.c.i.s.DefaultSqlScriptExecutor - 0 rows affected
2022-03-26 04:23:57 [main] INFO  o.f.c.i.s.DefaultSqlScriptExecutor - DB: таблица "users_roles" не существует, пропускается
2022-03-26 04:23:57 [main] INFO  o.f.c.i.s.DefaultSqlScriptExecutor - 0 rows affected
2022-03-26 04:23:57 [main] INFO  o.f.c.i.s.DefaultSqlScriptExecutor - 0 rows affected
2022-03-26 04:23:57 [main] INFO  o.f.c.i.s.DefaultSqlScriptExecutor - 2 rows affected
2022-03-26 04:23:57 [main] INFO  o.f.core.internal.command.DbMigrate - Successfully applied 1 migration to schema "public", now at version v1 (execution time 00:00.181s)
2022-03-26 04:23:57 [main] INFO  o.h.jpa.internal.util.LogHelper - HHH000204: Processing PersistenceUnitInfo [name: default]
2022-03-26 04:23:57 [main] INFO  org.hibernate.Version - HHH000412: Hibernate ORM core version 5.4.33
2022-03-26 04:23:58 [main] INFO  o.h.annotations.common.Version - HCANN000001: Hibernate Commons Annotations {5.1.2.Final}
2022-03-26 04:23:58 [main] INFO  org.hibernate.dialect.Dialect - HHH000400: Using dialect: org.hibernate.dialect.PostgreSQL9Dialect
2022-03-26 04:23:58 [main] INFO  o.h.e.t.j.p.i.JtaPlatformInitiator - HHH000490: Using JtaPlatform implementation: [org.hibernate.engine.transaction.jta.platform.internal.NoJtaPlatform]
2022-03-26 04:23:58 [main] INFO  o.s.o.j.LocalContainerEntityManagerFactoryBean - Initialized JPA EntityManagerFactory for persistence unit 'default'
2022-03-26 04:23:59 [main] WARN  o.s.b.a.o.j.JpaBaseConfiguration$JpaWebConfiguration - spring.jpa.open-in-view is enabled by default. Therefore, database queries may be performed during view rendering. Explicitly configure spring.jpa.open-in-view to disable this warning
2022-03-26 04:24:00 [main] WARN  o.s.b.a.s.s.UserDetailsServiceAutoConfiguration - 

Using generated security password: 37eacabe-a73f-40d4-b772-960a81c64d11

This generated password is for development use only. Your security configuration must be updated before running your application in production.

2022-03-26 04:24:00 [main] INFO  o.s.s.web.DefaultSecurityFilterChain - Will not secure any request
2022-03-26 04:24:01 [main] INFO  o.s.b.w.e.tomcat.TomcatWebServer - Tomcat started on port(s): 8889 (http) with context path ''
2022-03-26 04:24:01 [main] INFO  ru.abfitness.OapiApplication - Started OapiApplication in 13.314 seconds (JVM running for 17.432)
